#
# There is insufficient memory for the Java Runtime Environment to continue.
# Native memory allocation (malloc) failed to allocate 1573504 bytes for Chunk::new
# Possible reasons:
#   The system is out of physical RAM or swap space
#   The process is running with CompressedOops enabled, and the Java Heap may be blocking the growth of the native heap
# Possible solutions:
#   Reduce memory load on the system
#   Increase physical memory or swap space
#   Check if swap backing store is full
#   Decrease Java heap size (-Xmx/-Xms)
#   Decrease number of Java threads
#   Decrease Java thread stack sizes (-Xss)
#   Set larger code cache with -XX:ReservedCodeCacheSize=
#   JVM is running with Unscaled Compressed Oops mode in which the Java heap is
#     placed in the first 4GB address space. The Java Heap base address is the
#     maximum limit for the native heap growth. Please use -XX:HeapBaseMinAddress
#     to set the Java Heap base and to place the Java Heap above 4GB virtual address.
# This output file may be truncated or incomplete.
#
#  Out of Memory Error (allocation.cpp:389), pid=17708, tid=0x00000000000002f8
#
# JRE version: OpenJDK Runtime Environment (8.0_242-b01) (build 1.8.0_242-release-1644-b01)
# Java VM: OpenJDK 64-Bit Server VM (25.242-b01 mixed mode windows-amd64 compressed oops)
# Failed to write core dump. Minidumps are not enabled by default on client versions of Windows
#

---------------  T H R E A D  ---------------

Current thread (0x0000000018ae8000):  JavaThread "C2 CompilerThread2" daemon [_thread_in_native, id=760, stack(0x000000001a340000,0x000000001a440000)]

Stack: [0x000000001a340000,0x000000001a440000]
[error occurred during error reporting (printing stack bounds), id 0xc0000005]

Native frames: (J=compiled Java code, j=interpreted, Vv=VM code, C=native code)


Current CompileTask:
C2:   3513 2630       4       groovy.lang.MetaClassImpl$1MOPIter::methodNameAction (325 bytes)


---------------  P R O C E S S  ---------------

Java Threads: ( => current thread )
  0x000000001c597000 JavaThread "Build operations Thread 12" [_thread_blocked, id=16752, stack(0x0000000024aa0000,0x0000000024ba0000)]
  0x000000001c59b800 JavaThread "Build operations Thread 11" [_thread_blocked, id=11852, stack(0x00000000249a0000,0x0000000024aa0000)]
  0x000000001c59d000 JavaThread "Build operations Thread 10" [_thread_blocked, id=14768, stack(0x00000000248a0000,0x00000000249a0000)]
  0x000000001c598000 JavaThread "Build operations Thread 9" [_thread_blocked, id=15696, stack(0x00000000247a0000,0x00000000248a0000)]
  0x000000001c596800 JavaThread "Build operations Thread 8" [_thread_blocked, id=13744, stack(0x00000000246a0000,0x00000000247a0000)]
  0x000000001c59c800 JavaThread "Build operations Thread 7" [_thread_blocked, id=7904, stack(0x00000000245a0000,0x00000000246a0000)]
  0x000000001c58e800 JavaThread "Build operations Thread 6" [_thread_blocked, id=12012, stack(0x00000000244a0000,0x00000000245a0000)]
  0x000000001c595800 JavaThread "Build operations Thread 5" [_thread_blocked, id=17196, stack(0x00000000243a0000,0x00000000244a0000)]
  0x000000001c594000 JavaThread "Build operations Thread 4" [_thread_blocked, id=12516, stack(0x00000000242a0000,0x00000000243a0000)]
  0x000000001c593800 JavaThread "Build operations Thread 3" [_thread_blocked, id=11136, stack(0x00000000241a0000,0x00000000242a0000)]
  0x000000001c592000 JavaThread "Build operations Thread 2" [_thread_blocked, id=19448, stack(0x00000000240a0000,0x00000000241a0000)]
  0x000000001c58e000 JavaThread "Build operations" [_thread_blocked, id=14452, stack(0x0000000023d00000,0x0000000023e00000)]
  0x0000000018ae9800 JavaThread "Cache worker for execution history cache (C:\Users\HP\.gradle\caches\6.1.1\executionHistory)" [_thread_blocked, id=14024, stack(0x0000000021fa0000,0x00000000220a0000)]
  0x0000000018ae7000 JavaThread "Cache worker for cache directory md-rule (C:\Users\HP\.gradle\caches\6.1.1\md-rule)" [_thread_blocked, id=13268, stack(0x0000000020d70000,0x0000000020e70000)]
  0x0000000018ae6800 JavaThread "Cache worker for cache directory md-supplier (C:\Users\HP\.gradle\caches\6.1.1\md-supplier)" [_thread_blocked, id=18592, stack(0x0000000020c70000,0x0000000020d70000)]
  0x0000000018ae5800 JavaThread "Cache worker for file hash cache (D:\FYP\.gradle\6.1.1\fileHashes)" [_thread_blocked, id=15244, stack(0x0000000020ed0000,0x0000000020fd0000)]
  0x0000000018aec800 JavaThread "Cache worker for checksums cache (D:\FYP\.gradle\checksums)" [_thread_blocked, id=11144, stack(0x000000001e760000,0x000000001e860000)]
  0x0000000018ae8800 JavaThread "Cache worker for file hash cache (C:\Users\HP\.gradle\caches\6.1.1\fileHashes)" [_thread_blocked, id=17516, stack(0x000000001e660000,0x000000001e760000)]
  0x0000000018aeb000 JavaThread "File lock request listener" [_thread_in_native, id=16856, stack(0x000000001e560000,0x000000001e660000)]
  0x000000001c309000 JavaThread "Cache worker for journal cache (C:\Users\HP\.gradle\caches\journal-1)" [_thread_blocked, id=7696, stack(0x000000001e460000,0x000000001e560000)]
  0x000000001c41a800 JavaThread "Thread-9" [_thread_blocked, id=19540, stack(0x000000001e160000,0x000000001e260000)]
  0x000000001c336800 JavaThread "Stdin handler" [_thread_blocked, id=17520, stack(0x000000001e060000,0x000000001e160000)]
  0x000000001c336000 JavaThread "Asynchronous log dispatcher for DefaultDaemonConnection: socket connection from /127.0.0.1:65472 to /127.0.0.1:65473" [_thread_blocked, id=12676, stack(0x000000001df60000,0x000000001e060000)]
  0x000000001c2be800 JavaThread "Daemon worker" [_thread_in_native, id=14072, stack(0x000000001de60000,0x000000001df60000)]
  0x000000001c338800 JavaThread "Cancel handler" [_thread_blocked, id=14916, stack(0x000000001dc60000,0x000000001dd60000)]
  0x000000001bf0b000 JavaThread "Handler for socket connection from /127.0.0.1:65472 to /127.0.0.1:65473" [_thread_in_native, id=13464, stack(0x000000001d960000,0x000000001da60000)]
  0x000000001c294000 JavaThread "Daemon" [_thread_blocked, id=14060, stack(0x000000001d860000,0x000000001d960000)]
  0x000000001c28d000 JavaThread "Daemon periodic checks" [_thread_blocked, id=6204, stack(0x000000001d760000,0x000000001d860000)]
  0x000000001c227800 JavaThread "Incoming local TCP Connector on port 65472" [_thread_in_native, id=15048, stack(0x000000001d520000,0x000000001d620000)]
  0x000000001a858800 JavaThread "Daemon health stats" [_thread_blocked, id=7860, stack(0x000000001cee0000,0x000000001cfe0000)]
  0x0000000018b6b800 JavaThread "Service Thread" daemon [_thread_blocked, id=9848, stack(0x000000001a540000,0x000000001a640000)]
  0x0000000018aeb800 JavaThread "C1 CompilerThread3" daemon [_thread_blocked, id=13916, stack(0x000000001a440000,0x000000001a540000)]
=>0x0000000018ae8000 JavaThread "C2 CompilerThread2" daemon [_thread_in_native, id=760, stack(0x000000001a340000,0x000000001a440000)]
  0x00000000173eb000 JavaThread "C2 CompilerThread1" daemon [_thread_in_native, id=19696, stack(0x000000001a240000,0x000000001a340000)]
  0x0000000018ade000 JavaThread "C2 CompilerThread0" daemon [_thread_in_vm, id=19420, stack(0x000000001a140000,0x000000001a240000)]
  0x0000000018adc000 JavaThread "Attach Listener" daemon [_thread_blocked, id=9908, stack(0x000000001a040000,0x000000001a140000)]
  0x0000000018adb800 JavaThread "Signal Dispatcher" daemon [_thread_blocked, id=1200, stack(0x0000000019f40000,0x000000001a040000)]
  0x00000000173e2000 JavaThread "Finalizer" daemon [_thread_blocked, id=2056, stack(0x0000000019d40000,0x0000000019e40000)]
  0x0000000018ac3000 JavaThread "Reference Handler" daemon [_thread_blocked, id=11184, stack(0x0000000019c40000,0x0000000019d40000)]
  0x000000000331d800 JavaThread "main" [_thread_blocked, id=14320, stack(0x00000000031b0000,0x00000000032b0000)]

Other Threads:
  0x00000000173d4800 VMThread [stack: 0x0000000019b40000,0x0000000019c40000] [id=15076]
  0x0000000018afb800 WatcherThread [stack: 0x000000001a640000,0x000000001a740000] [id=19108]

VM state:at safepoint (normal execution)

VM Mutex/Monitor currently owned by a thread:  ([mutex/lock_event])
[0x000000000331d1b0] Threads_lock - owner thread: 0x00000000173d4800
[0x0000000003321bd0] Compile_lock - owner thread: 0x000000001c2be800

heap address: 0x00000000a0000000, size: 1536 MB, Compressed Oops mode: 32-bit
Narrow klass base: 0x0000000000000000, Narrow klass shift: 3
Compressed class space size: 1073741824 Address: 0x0000000100000000

Heap:
 PSYoungGen      total 137728K, used 38513K [0x00000000e0000000, 0x00000000ecf00000, 0x0000000100000000)
  eden space 126464K, 30% used [0x00000000e0000000,0x00000000e259c720,0x00000000e7b80000)
  from space 11264K, 0% used [0x00000000e7b80000,0x00000000e7b80000,0x00000000e8680000)
  to   space 13312K, 0% used [0x00000000ec200000,0x00000000ec200000,0x00000000ecf00000)
 ParOldGen       total 47104K, used 18608K [0x00000000a0000000, 0x00000000a2e00000, 0x00000000e0000000)
  object space 47104K, 39% used [0x00000000a0000000,0x00000000a122c178,0x00000000a2e00000)
 Metaspace       used 35956K, capacity 37236K, committed 37296K, reserved 1081344K
  class space    used 4948K, capacity 5261K, committed 5296K, reserved 1048576K

Card table byte_map: [0x00000000127e0000,0x0000000012af0000] byte_map_base: 0x00000000122e0000

Marking Bits: (ParMarkBitMap*) 0x000000006cddf030
 Begin Bits: [0x00000000136f0000, 0x0000000014ef0000)
 End Bits:   [0x0000000014ef0000, 0x00000000166f0000)

Polling page: 0x0000000000fd0000

CodeCache: size=245760Kb used=12421Kb max_used=12443Kb free=233339Kb
 bounds [0x0000000003420000, 0x0000000004050000, 0x0000000012420000]
 total_blobs=4303 nmethods=3602 adapters=614
 compilation: enabled

Compilation events (10 events):
Event: 3.502 Thread 0x0000000018aeb800 3599       3       sun.reflect.annotation.AnnotationParser$1::run (5 bytes)
Event: 3.502 Thread 0x0000000018aeb800 nmethod 3599 0x00000000040318d0 code [0x0000000004031a40, 0x0000000004031c48]
Event: 3.502 Thread 0x0000000018aeb800 3600       3       sun.reflect.annotation.AnnotationParser$1::run (40 bytes)
Event: 3.502 Thread 0x0000000018aeb800 nmethod 3600 0x000000000403add0 code [0x000000000403b000, 0x000000000403be18]
Event: 3.502 Thread 0x0000000018aeb800 3601       3       java.lang.reflect.Proxy$Key1::equals (47 bytes)
Event: 3.502 Thread 0x0000000018aeb800 nmethod 3601 0x000000000403c3d0 code [0x000000000403c560, 0x000000000403cbb0]
Event: 3.502 Thread 0x0000000018aeb800 3602       3       java.nio.ByteBuffer::wrap (8 bytes)
Event: 3.502 Thread 0x0000000018aeb800 nmethod 3602 0x000000000403ccd0 code [0x000000000403ce60, 0x000000000403d1f8]
Event: 3.503 Thread 0x0000000018aeb800 3604       3       org.gradle.internal.instantiation.generator.AsmBackedClassGenerator$ClassBuilderImpl::addGetter (56 bytes)
Event: 3.503 Thread 0x0000000018aeb800 nmethod 3604 0x000000000403d410 code [0x000000000403d5e0, 0x000000000403dc88]

GC Heap History (10 events):
Event: 2.167 GC heap before
{Heap before GC invocations=7 (full 0):
 PSYoungGen      total 74752K, used 10612K [0x00000000e0000000, 0x00000000e5600000, 0x0000000100000000)
  eden space 64512K, 3% used [0x00000000e0000000,0x00000000e01eae88,0x00000000e3f00000)
  from space 10240K, 84% used [0x00000000e4a00000,0x00000000e5272500,0x00000000e5400000)
  to   space 11264K, 0% used [0x00000000e3f00000,0x00000000e3f00000,0x00000000e4a00000)
 ParOldGen       total 86016K, used 7107K [0x00000000a0000000, 0x00000000a5400000, 0x00000000e0000000)
  object space 86016K, 8% used [0x00000000a0000000,0x00000000a06f0d00,0x00000000a5400000)
 Metaspace       used 20644K, capacity 21244K, committed 21296K, reserved 1067008K
  class space    used 2895K, capacity 3116K, committed 3120K, reserved 1048576K
Event: 2.170 GC heap after
Heap after GC invocations=7 (full 0):
 PSYoungGen      total 75776K, used 4164K [0x00000000e0000000, 0x00000000e9400000, 0x0000000100000000)
  eden space 64512K, 0% used [0x00000000e0000000,0x00000000e0000000,0x00000000e3f00000)
  from space 11264K, 36% used [0x00000000e3f00000,0x00000000e4311050,0x00000000e4a00000)
  to   space 11264K, 0% used [0x00000000e8900000,0x00000000e8900000,0x00000000e9400000)
 ParOldGen       total 86016K, used 9395K [0x00000000a0000000, 0x00000000a5400000, 0x00000000e0000000)
  object space 86016K, 10% used [0x00000000a0000000,0x00000000a092cd70,0x00000000a5400000)
 Metaspace       used 20644K, capacity 21244K, committed 21296K, reserved 1067008K
  class space    used 2895K, capacity 3116K, committed 3120K, reserved 1048576K
}
Event: 2.170 GC heap before
{Heap before GC invocations=8 (full 1):
 PSYoungGen      total 75776K, used 4164K [0x00000000e0000000, 0x00000000e9400000, 0x0000000100000000)
  eden space 64512K, 0% used [0x00000000e0000000,0x00000000e0000000,0x00000000e3f00000)
  from space 11264K, 36% used [0x00000000e3f00000,0x00000000e4311050,0x00000000e4a00000)
  to   space 11264K, 0% used [0x00000000e8900000,0x00000000e8900000,0x00000000e9400000)
 ParOldGen       total 86016K, used 9395K [0x00000000a0000000, 0x00000000a5400000, 0x00000000e0000000)
  object space 86016K, 10% used [0x00000000a0000000,0x00000000a092cd70,0x00000000a5400000)
 Metaspace       used 20644K, capacity 21244K, committed 21296K, reserved 1067008K
  class space    used 2895K, capacity 3116K, committed 3120K, reserved 1048576K
Event: 2.191 GC heap after
Heap after GC invocations=8 (full 1):
 PSYoungGen      total 75776K, used 0K [0x00000000e0000000, 0x00000000e9400000, 0x0000000100000000)
  eden space 64512K, 0% used [0x00000000e0000000,0x00000000e0000000,0x00000000e3f00000)
  from space 11264K, 0% used [0x00000000e3f00000,0x00000000e3f00000,0x00000000e4a00000)
  to   space 11264K, 0% used [0x00000000e8900000,0x00000000e8900000,0x00000000e9400000)
 ParOldGen       total 47104K, used 6975K [0x00000000a0000000, 0x00000000a2e00000, 0x00000000e0000000)
  object space 47104K, 14% used [0x00000000a0000000,0x00000000a06cffa0,0x00000000a2e00000)
 Metaspace       used 20644K, capacity 21244K, committed 21296K, reserved 1067008K
  class space    used 2895K, capacity 3116K, committed 3120K, reserved 1048576K
}
Event: 2.592 GC heap before
{Heap before GC invocations=9 (full 1):
 PSYoungGen      total 75776K, used 64512K [0x00000000e0000000, 0x00000000e9400000, 0x0000000100000000)
  eden space 64512K, 100% used [0x00000000e0000000,0x00000000e3f00000,0x00000000e3f00000)
  from space 11264K, 0% used [0x00000000e3f00000,0x00000000e3f00000,0x00000000e4a00000)
  to   space 11264K, 0% used [0x00000000e8900000,0x00000000e8900000,0x00000000e9400000)
 ParOldGen       total 47104K, used 6975K [0x00000000a0000000, 0x00000000a2e00000, 0x00000000e0000000)
  object space 47104K, 14% used [0x00000000a0000000,0x00000000a06cffa0,0x00000000a2e00000)
 Metaspace       used 28232K, capacity 28900K, committed 29232K, reserved 1075200K
  class space    used 3897K, capacity 4127K, committed 4144K, reserved 1048576K
Event: 2.598 GC heap after
Heap after GC invocations=9 (full 1):
 PSYoungGen      total 130560K, used 8285K [0x00000000e0000000, 0x00000000e9180000, 0x0000000100000000)
  eden space 121856K, 0% used [0x00000000e0000000,0x00000000e0000000,0x00000000e7700000)
  from space 8704K, 95% used [0x00000000e8900000,0x00000000e9117508,0x00000000e9180000)
  to   space 11264K, 0% used [0x00000000e7b80000,0x00000000e7b80000,0x00000000e8680000)
 ParOldGen       total 47104K, used 6983K [0x00000000a0000000, 0x00000000a2e00000, 0x00000000e0000000)
  object space 47104K, 14% used [0x00000000a0000000,0x00000000a06d1fa0,0x00000000a2e00000)
 Metaspace       used 28232K, capacity 28900K, committed 29232K, reserved 1075200K
  class space    used 3897K, capacity 4127K, committed 4144K, reserved 1048576K
}
Event: 3.176 GC heap before
{Heap before GC invocations=10 (full 1):
 PSYoungGen      total 130560K, used 121639K [0x00000000e0000000, 0x00000000e9180000, 0x0000000100000000)
  eden space 121856K, 93% used [0x00000000e0000000,0x00000000e6eb2ac0,0x00000000e7700000)
  from space 8704K, 95% used [0x00000000e8900000,0x00000000e9117508,0x00000000e9180000)
  to   space 11264K, 0% used [0x00000000e7b80000,0x00000000e7b80000,0x00000000e8680000)
 ParOldGen       total 47104K, used 6983K [0x00000000a0000000, 0x00000000a2e00000, 0x00000000e0000000)
  object space 47104K, 14% used [0x00000000a0000000,0x00000000a06d1fa0,0x00000000a2e00000)
 Metaspace       used 34513K, capacity 35374K, committed 35496K, reserved 1079296K
  class space    used 4732K, capacity 4970K, committed 5040K, reserved 1048576K
Event: 3.186 GC heap after
Heap after GC invocations=10 (full 1):
 PSYoungGen      total 137728K, used 11262K [0x00000000e0000000, 0x00000000ecf00000, 0x0000000100000000)
  eden space 126464K, 0% used [0x00000000e0000000,0x00000000e0000000,0x00000000e7b80000)
  from space 11264K, 99% used [0x00000000e7b80000,0x00000000e867fa98,0x00000000e8680000)
  to   space 13312K, 0% used [0x00000000ec200000,0x00000000ec200000,0x00000000ecf00000)
 ParOldGen       total 47104K, used 7984K [0x00000000a0000000, 0x00000000a2e00000, 0x00000000e0000000)
  object space 47104K, 16% used [0x00000000a0000000,0x00000000a07cc230,0x00000000a2e00000)
 Metaspace       used 34513K, capacity 35374K, committed 35496K, reserved 1079296K
  class space    used 4732K, capacity 4970K, committed 5040K, reserved 1048576K
}
Event: 3.186 GC heap before
{Heap before GC invocations=11 (full 2):
 PSYoungGen      total 137728K, used 11262K [0x00000000e0000000, 0x00000000ecf00000, 0x0000000100000000)
  eden space 126464K, 0% used [0x00000000e0000000,0x00000000e0000000,0x00000000e7b80000)
  from space 11264K, 99% used [0x00000000e7b80000,0x00000000e867fa98,0x00000000e8680000)
  to   space 13312K, 0% used [0x00000000ec200000,0x00000000ec200000,0x00000000ecf00000)
 ParOldGen       total 47104K, used 7984K [0x00000000a0000000, 0x00000000a2e00000, 0x00000000e0000000)
  object space 47104K, 16% used [0x00000000a0000000,0x00000000a07cc230,0x00000000a2e00000)
 Metaspace       used 34513K, capacity 35374K, committed 35496K, reserved 1079296K
  class space    used 4732K, capacity 4970K, committed 5040K, reserved 1048576K
Event: 3.239 GC heap after
Heap after GC invocations=11 (full 2):
 PSYoungGen      total 137728K, used 0K [0x00000000e0000000, 0x00000000ecf00000, 0x0000000100000000)
  eden space 126464K, 0% used [0x00000000e0000000,0x00000000e0000000,0x00000000e7b80000)
  from space 11264K, 0% used [0x00000000e7b80000,0x00000000e7b80000,0x00000000e8680000)
  to   space 13312K, 0% used [0x00000000ec200000,0x00000000ec200000,0x00000000ecf00000)
 ParOldGen       total 47104K, used 18608K [0x00000000a0000000, 0x00000000a2e00000, 0x00000000e0000000)
  object space 47104K, 39% used [0x00000000a0000000,0x00000000a122c178,0x00000000a2e00000)
 Metaspace       used 34513K, capacity 35374K, committed 35496K, reserved 1079296K
  class space    used 4732K, capacity 4970K, committed 5040K, reserved 1048576K
}

Deoptimization events (10 events):
Event: 2.869 Thread 0x000000001c2be800 Uncommon trap: reason=unstable_if action=reinterpret pc=0x0000000003d73140 method=org.codehaus.groovy.runtime.metaclass.MetaMethodIndex.addMethodToList(Ljava/lang/Object;Lgroovy/lang/MetaMethod;)Ljava/lang/Object; @ 226
Event: 2.896 Thread 0x000000001c2be800 Uncommon trap: reason=class_check action=maybe_recompile pc=0x0000000003b5b368 method=java.util.WeakHashMap.eq(Ljava/lang/Object;Ljava/lang/Object;)Z @ 7
Event: 3.376 Thread 0x000000001c594000 Uncommon trap: reason=class_check action=maybe_recompile pc=0x00000000039abc9c method=java.util.concurrent.ConcurrentHashMap.putVal(Ljava/lang/Object;Ljava/lang/Object;Z)Ljava/lang/Object; @ 192
Event: 3.376 Thread 0x000000001c59b800 Uncommon trap: reason=class_check action=maybe_recompile pc=0x00000000039abc9c method=java.util.concurrent.ConcurrentHashMap.putVal(Ljava/lang/Object;Ljava/lang/Object;Z)Ljava/lang/Object; @ 192
Event: 3.379 Thread 0x000000001c59c800 Uncommon trap: reason=unstable_if action=reinterpret pc=0x0000000003f17620 method=com.esotericsoftware.kryo.io.Input.readUtf8Length(I)I @ 9
Event: 3.380 Thread 0x000000001c59d000 Uncommon trap: reason=unstable_if action=reinterpret pc=0x0000000003efa124 method=com.esotericsoftware.kryo.io.Input.readUtf8Length(I)I @ 9
Event: 3.382 Thread 0x000000001c598000 Uncommon trap: reason=unstable_if action=reinterpret pc=0x00000000039abaec method=java.util.concurrent.ConcurrentHashMap.addCount(JI)V @ 34
Event: 3.382 Thread 0x000000001c59c800 Uncommon trap: reason=unstable_if action=reinterpret pc=0x00000000038ff19c method=java.util.concurrent.ConcurrentHashMap.addCount(JI)V @ 34
Event: 3.487 Thread 0x000000001c2be800 Uncommon trap: reason=bimorphic action=maybe_recompile pc=0x0000000003e233c8 method=java.util.AbstractCollection.addAll(Ljava/util/Collection;)Z @ 29
Event: 3.502 Thread 0x000000001c2be800 Uncommon trap: reason=range_check action=make_not_entrant pc=0x0000000003e0a174 method=java.lang.String.charAt(I)C @ 27

Classes redefined (0 events):
No events

Internal exceptions (10 events):
Event: 2.986 Thread 0x000000001c2be800 Exception <a 'java/lang/ClassNotFoundException': groovy/lang/GString$1Customizer> (0x00000000e49f6918) thrown at [C:\src\AOSP-openjdk-git\hotspot\src\share\vm\classfile\systemDictionary.cpp, line 210]
Event: 2.988 Thread 0x000000001c2be800 Exception <a 'java/lang/ClassNotFoundException': org/codehaus/groovy/runtime/GStringImplBeanInfo> (0x00000000e4aa6c88) thrown at [C:\src\AOSP-openjdk-git\hotspot\src\share\vm\classfile\systemDictionary.cpp, line 210]
Event: 2.989 Thread 0x000000001c2be800 Exception <a 'java/lang/ClassNotFoundException': org/codehaus/groovy/runtime/GStringImplCustomizer> (0x00000000e4ad3d88) thrown at [C:\src\AOSP-openjdk-git\hotspot\src\share\vm\classfile\systemDictionary.cpp, line 210]
Event: 3.117 Thread 0x000000001c2be800 Exception <a 'java/lang/IncompatibleClassChangeError': Found class java.lang.Object, but interface was expected> (0x00000000e63d3030) thrown at [C:\src\AOSP-openjdk-git\hotspot\src\share\vm\interpreter\linkResolver.cpp, line 653]
Event: 3.118 Thread 0x000000001c2be800 Exception <a 'java/lang/NoSuchMethodError': java.lang.Object.lambda$comparing$77a9974f$1(Ljava/util/function/Function;Ljava/lang/Object;Ljava/lang/Object;)I> (0x00000000e63de4d0) thrown at [C:\src\AOSP-openjdk-git\hotspot\src\share\vm\interpreter\linkReso
Event: 3.119 Thread 0x000000001c2be800 Exception <a 'java/lang/NoSuchMethodError': java.lang.Object.lambda$thenComparing$36697e65$1(Ljava/util/Comparator;Ljava/lang/Object;Ljava/lang/Object;)I> (0x00000000e63f2630) thrown at [C:\src\AOSP-openjdk-git\hotspot\src\share\vm\interpreter\linkResolve
Event: 3.120 Thread 0x000000001c2be800 Exception <a 'java/lang/NoSuchMethodError': java.lang.Object.lambda$comparing$ea9a8b3a$1(Ljava/util/Comparator;Ljava/util/function/Function;Ljava/lang/Object;Ljava/lang/Object;)I> (0x00000000e64096c0) thrown at [C:\src\AOSP-openjdk-git\hotspot\src\share\v
Event: 3.368 Thread 0x000000001c2be800 Exception <a 'java/lang/NoSuchMethodError': java.lang.Object.lambda$static$0(Lorg/gradle/api/internal/artifacts/ivyservice/resolveengine/artifact/ArtifactVisitor;)V> (0x00000000e10447d0) thrown at [C:\src\AOSP-openjdk-git\hotspot\src\share\vm\interpreter\
Event: 3.485 Thread 0x000000001c2be800 Exception <a 'java/lang/ClassNotFoundException': build_6f6ahryfq30x0xcz6gu9vdc1xBeanInfo> (0x00000000e217b1f8) thrown at [C:\src\AOSP-openjdk-git\hotspot\src\share\vm\classfile\systemDictionary.cpp, line 210]
Event: 3.485 Thread 0x000000001c2be800 Exception <a 'java/lang/ClassNotFoundException': build_6f6ahryfq30x0xcz6gu9vdc1xCustomizer> (0x00000000e21882f8) thrown at [C:\src\AOSP-openjdk-git\hotspot\src\share\vm\classfile\systemDictionary.cpp, line 210]

Events (10 events):
Event: 3.511 loading class org/gradle/internal/reflect/annotations/impl/DefaultTypeAnnotationMetadataStore
Event: 3.511 loading class org/gradle/internal/reflect/annotations/impl/DefaultTypeAnnotationMetadataStore done
Event: 3.511 loading class org/gradle/internal/reflect/annotations/TypeAnnotationMetadata
Event: 3.511 loading class org/gradle/internal/reflect/annotations/TypeAnnotationMetadata done
Event: 3.511 loading class org/gradle/internal/reflect/TypeValidationContext
Event: 3.511 loading class org/gradle/internal/reflect/TypeValidationContext done
Event: 3.511 loading class org/gradle/internal/reflect/annotations/impl/DefaultTypeAnnotationMetadataStore
Event: 3.511 loading class org/gradle/internal/reflect/annotations/impl/DefaultTypeAnnotationMetadataStore done
Event: 3.511 loading class org/gradle/internal/reflect/annotations/impl/DefaultTypeAnnotationMetadataStore$TypeAnnotationMetadataVisitor
Event: 3.511 loading class org/gradle/internal/reflect/annotations/impl/DefaultTypeAnnotationMetadataStore$TypeAnnotationMetadataVisitor done


Dynamic libraries:
0x00007ff679310000 - 0x00007ff679341000 	D:\Android Studio\jre\bin\java.exe
0x00007fff46420000 - 0x00007fff46610000 	C:\WINDOWS\SYSTEM32\ntdll.dll
0x00007fff44ca0000 - 0x00007fff44d52000 	C:\WINDOWS\System32\KERNEL32.DLL
0x00007fff435e0000 - 0x00007fff43884000 	C:\WINDOWS\System32\KERNELBASE.dll
0x00007fff45000000 - 0x00007fff450a3000 	C:\WINDOWS\System32\ADVAPI32.dll
0x00007fff44b80000 - 0x00007fff44c1e000 	C:\WINDOWS\System32\msvcrt.dll
0x00007fff46340000 - 0x00007fff463d7000 	C:\WINDOWS\System32\sechost.dll
0x00007fff44610000 - 0x00007fff44730000 	C:\WINDOWS\System32\RPCRT4.dll
0x00007fff44730000 - 0x00007fff448c4000 	C:\WINDOWS\System32\USER32.dll
0x00007fff44480000 - 0x00007fff444a1000 	C:\WINDOWS\System32\win32u.dll
0x00007fff448d0000 - 0x00007fff448f6000 	C:\WINDOWS\System32\GDI32.dll
0x00007fff442e0000 - 0x00007fff44474000 	C:\WINDOWS\System32\gdi32full.dll
0x00007fff43910000 - 0x00007fff439ae000 	C:\WINDOWS\System32\msvcp_win.dll
0x00007fff434e0000 - 0x00007fff435da000 	C:\WINDOWS\System32\ucrtbase.dll
0x00007fff427f0000 - 0x00007fff42a74000 	C:\WINDOWS\WinSxS\amd64_microsoft.windows.common-controls_6595b64144ccf1df_6.0.18362.836_none_e6c4b943130f18ed\COMCTL32.dll
0x00007fff45590000 - 0x00007fff458c6000 	C:\WINDOWS\System32\combase.dll
0x00007fff43890000 - 0x00007fff43910000 	C:\WINDOWS\System32\bcryptPrimitives.dll
0x00007fff44f10000 - 0x00007fff44f3e000 	C:\WINDOWS\System32\IMM32.DLL
0x000000006bdb0000 - 0x000000006be82000 	D:\Android Studio\jre\jre\bin\msvcr100.dll
0x000000006c610000 - 0x000000006ce5b000 	D:\Android Studio\jre\jre\bin\server\jvm.dll
0x00007fff45b00000 - 0x00007fff45b08000 	C:\WINDOWS\System32\PSAPI.DLL
0x00007fff2d3a0000 - 0x00007fff2d3a9000 	C:\WINDOWS\SYSTEM32\WSOCK32.dll
0x00007fff40b90000 - 0x00007fff40bb4000 	C:\WINDOWS\SYSTEM32\WINMM.dll
0x00007fff35d40000 - 0x00007fff35d4a000 	C:\WINDOWS\SYSTEM32\VERSION.dll
0x00007fff450b0000 - 0x00007fff4511f000 	C:\WINDOWS\System32\WS2_32.dll
0x00007fff40a30000 - 0x00007fff40a5d000 	C:\WINDOWS\SYSTEM32\WINMMBASE.dll
0x00007fff43460000 - 0x00007fff434aa000 	C:\WINDOWS\System32\cfgmgr32.dll
0x00007fff3c120000 - 0x00007fff3c12f000 	D:\Android Studio\jre\jre\bin\verify.dll
0x00007fff35880000 - 0x00007fff358a9000 	D:\Android Studio\jre\jre\bin\java.dll
0x00007fff3c100000 - 0x00007fff3c116000 	D:\Android Studio\jre\jre\bin\zip.dll
0x00007fff45c50000 - 0x00007fff46334000 	C:\WINDOWS\System32\SHELL32.dll
0x00007fff44900000 - 0x00007fff449a9000 	C:\WINDOWS\System32\shcore.dll
0x00007fff439b0000 - 0x00007fff4412e000 	C:\WINDOWS\System32\windows.storage.dll
0x00007fff43380000 - 0x00007fff433a3000 	C:\WINDOWS\System32\profapi.dll
0x00007fff432f0000 - 0x00007fff4333a000 	C:\WINDOWS\System32\powrprof.dll
0x00007fff432e0000 - 0x00007fff432f0000 	C:\WINDOWS\System32\UMPDC.dll
0x00007fff44d60000 - 0x00007fff44db2000 	C:\WINDOWS\System32\shlwapi.dll
0x00007fff43360000 - 0x00007fff43371000 	C:\WINDOWS\System32\kernel.appcore.dll
0x00007fff444b0000 - 0x00007fff444c7000 	C:\WINDOWS\System32\cryptsp.dll
0x00007fff35910000 - 0x00007fff3592a000 	D:\Android Studio\jre\jre\bin\net.dll
0x00007fff424d0000 - 0x00007fff42537000 	C:\WINDOWS\system32\mswsock.dll
0x00007fff35860000 - 0x00007fff35873000 	D:\Android Studio\jre\jre\bin\nio.dll
0x00007fff27ad0000 - 0x00007fff27af6000 	C:\Users\HP\.gradle\native\31\windows-amd64\native-platform.dll
0x00007fff35850000 - 0x00007fff3585d000 	D:\Android Studio\jre\jre\bin\management.dll
0x00007fff42040000 - 0x00007fff42073000 	C:\WINDOWS\system32\rsaenh.dll
0x00007fff434b0000 - 0x00007fff434d6000 	C:\WINDOWS\System32\bcrypt.dll
0x00007fff43200000 - 0x00007fff43225000 	C:\WINDOWS\SYSTEM32\USERENV.dll
0x00007fff426a0000 - 0x00007fff426ac000 	C:\WINDOWS\SYSTEM32\CRYPTBASE.dll
0x00007fff421e0000 - 0x00007fff4221a000 	C:\WINDOWS\SYSTEM32\IPHLPAPI.DLL
0x00007fff44f40000 - 0x00007fff44f48000 	C:\WINDOWS\System32\NSI.dll
0x00007fff3af70000 - 0x00007fff3af86000 	C:\WINDOWS\SYSTEM32\dhcpcsvc6.DLL
0x00007fff3a6e0000 - 0x00007fff3a6fc000 	C:\WINDOWS\SYSTEM32\dhcpcsvc.DLL
0x00007fff42220000 - 0x00007fff422eb000 	C:\WINDOWS\SYSTEM32\DNSAPI.dll

VM Arguments:
jvm_args: -Xmx1536m -Dfile.encoding=windows-1252 -Duser.country=US -Duser.language=en -Duser.variant 
java_command: org.gradle.launcher.daemon.bootstrap.GradleDaemon 6.1.1
java_class_path (initial): C:\Users\HP\.gradle\wrapper\dists\gradle-6.1.1-all\cfmwm155h49vnt3hynmlrsdst\gradle-6.1.1\lib\gradle-launcher-6.1.1.jar
Launcher Type: SUN_STANDARD

Environment Variables:
PATH=C:\Program Files (x86)\Intel\Intel(R) Management Engine Components\iCLS\;C:\Program Files\Intel\Intel(R) Management Engine Components\iCLS\;C:\Windows\system32;C:\Windows;C:\Windows\System32\Wbem;C:\Windows\System32\WindowsPowerShell\v1.0\;C:\Windows\System32\OpenSSH\;C:\Program Files (x86)\NVIDIA Corporation\PhysX\Common;C:\Program Files (x86)\Intel\Intel(R) Management Engine Components\DAL;C:\Program Files\Intel\Intel(R) Management Engine Components\DAL;C:\Program Files (x86)\Intel\Intel(R) Management Engine Components\IPT;C:\Program Files\Intel\Intel(R) Management Engine Components\IPT;C:\Program Files\Intel\WiFi\bin\;C:\Program Files\Common Files\Intel\WirelessCommon\;C:\WINDOWS\system32;C:\WINDOWS;C:\WINDOWS\System32\Wbem;C:\WINDOWS\System32\WindowsPowerShell\v1.0\;C:\WINDOWS\System32\OpenSSH\;C:\Program Files\Git\cmd;C:\Users\HP\AppData\Local\Microsoft\WindowsApps;C:\Users\HP\AppData\Local\Programs\Microsoft VS Code\bin;C:\Program Files\Java\jdk-14.0.1\bin;
USERNAME=HP
OS=Windows_NT
PROCESSOR_IDENTIFIER=Intel64 Family 6 Model 158 Stepping 10, GenuineIntel



---------------  S Y S T E M  ---------------

OS: Windows 10.0 , 64 bit Build 18362 (10.0.18362.778)

CPU:total 12 (initial active 12) (6 cores per cpu, 2 threads per core) family 6 model 158 stepping 10, cmov, cx8, fxsr, mmx, sse, sse2, sse3, ssse3, sse4.1, sse4.2, popcnt, avx, avx2, aes, clmul, erms, 3dnowpref, lzcnt, ht, tsc, tscinvbit, bmi1, bmi2, adx

Memory: 4k page, physical 8235804k(1210440k free), swap 23727172k(5160k free)

vm_info: OpenJDK 64-Bit Server VM (25.242-b01) for windows-amd64 JRE (1.8.0_242-release-1644-b01), built by "builder" with MS VC++ 10.0 (VS2010)

time: Fri Jun 12 13:15:18 2020
timezone: SE Asia Standard Time
elapsed time: 3 seconds (0d 0h 0m 3s)

