#
# There is insufficient memory for the Java Runtime Environment to continue.
# Native memory allocation (malloc) failed to allocate 77264 bytes for Chunk::new
# Possible reasons:
#   The system is out of physical RAM or swap space
#   The process is running with CompressedOops enabled, and the Java Heap may be blocking the growth of the native heap
# Possible solutions:
#   Reduce memory load on the system
#   Increase physical memory or swap space
#   Check if swap backing store is full
#   Decrease Java heap size (-Xmx/-Xms)
#   Decrease number of Java threads
#   Decrease Java thread stack sizes (-Xss)
#   Set larger code cache with -XX:ReservedCodeCacheSize=
#   JVM is running with Unscaled Compressed Oops mode in which the Java heap is
#     placed in the first 4GB address space. The Java Heap base address is the
#     maximum limit for the native heap growth. Please use -XX:HeapBaseMinAddress
#     to set the Java Heap base and to place the Java Heap above 4GB virtual address.
# This output file may be truncated or incomplete.
#
#  Out of Memory Error (allocation.cpp:389), pid=5172, tid=0x0000000000004d68
#
# JRE version: OpenJDK Runtime Environment (8.0_242-b01) (build 1.8.0_242-release-1644-b01)
# Java VM: OpenJDK 64-Bit Server VM (25.242-b01 mixed mode windows-amd64 compressed oops)
# Failed to write core dump. Minidumps are not enabled by default on client versions of Windows
#

---------------  T H R E A D  ---------------

Current thread (0x00000000164e8000):  JavaThread "C2 CompilerThread0" daemon [_thread_in_native, id=19816, stack(0x0000000019220000,0x0000000019320000)]

Stack: [0x0000000019220000,0x0000000019320000]
[error occurred during error reporting (printing stack bounds), id 0xc0000005]

Native frames: (J=compiled Java code, j=interpreted, Vv=VM code, C=native code)


Current CompileTask:
C2:   1858 1488       4       java.net.URLClassLoader$1::run (5 bytes)


---------------  P R O C E S S  ---------------

Java Threads: ( => current thread )
  0x000000001990e800 JavaThread "Cache worker for file hash cache (C:\Users\HP\.gradle\caches\6.1.1\fileHashes)" [_thread_blocked, id=2892, stack(0x000000001d740000,0x000000001d840000)]
  0x000000001990e000 JavaThread "File lock request listener" [_thread_in_native, id=10568, stack(0x000000001d640000,0x000000001d740000)]
  0x000000001b76e800 JavaThread "Cache worker for journal cache (C:\Users\HP\.gradle\caches\journal-1)" [_thread_blocked, id=9824, stack(0x000000001d540000,0x000000001d640000)]
  0x0000000019a91800 JavaThread "Thread-9" [_thread_blocked, id=14140, stack(0x000000001d240000,0x000000001d340000)]
  0x000000001b4b2000 JavaThread "Stdin handler" [_thread_blocked, id=13240, stack(0x000000001d140000,0x000000001d240000)]
  0x000000001b4c6000 JavaThread "Asynchronous log dispatcher for DefaultDaemonConnection: socket connection from /127.0.0.1:65503 to /127.0.0.1:65504" [_thread_blocked, id=15404, stack(0x000000001d040000,0x000000001d140000)]
  0x000000001b4b3800 JavaThread "Daemon worker" [_thread_in_vm, id=18352, stack(0x000000001cf40000,0x000000001d040000)]
  0x000000001b4a1800 JavaThread "Cancel handler" [_thread_blocked, id=8908, stack(0x000000001cd40000,0x000000001ce40000)]
  0x000000001b4c4000 JavaThread "Handler for socket connection from /127.0.0.1:65503 to /127.0.0.1:65504" [_thread_in_native, id=20408, stack(0x000000001ca40000,0x000000001cb40000)]
  0x000000001b43b800 JavaThread "Daemon" [_thread_blocked, id=5468, stack(0x000000001c940000,0x000000001ca40000)]
  0x000000001b4c2800 JavaThread "Daemon periodic checks" [_thread_blocked, id=6208, stack(0x000000001c840000,0x000000001c940000)]
  0x000000001b4c2000 JavaThread "Incoming local TCP Connector on port 65503" [_thread_in_native, id=20312, stack(0x000000001c600000,0x000000001c700000)]
  0x000000001b404800 JavaThread "Daemon health stats" [_thread_blocked, id=14580, stack(0x000000001bfc0000,0x000000001c0c0000)]
  0x0000000017c62800 JavaThread "Service Thread" daemon [_thread_blocked, id=17680, stack(0x0000000019620000,0x0000000019720000)]
  0x0000000017be8800 JavaThread "C1 CompilerThread3" daemon [_thread_blocked, id=7380, stack(0x0000000019520000,0x0000000019620000)]
  0x0000000017be7800 JavaThread "C2 CompilerThread2" daemon [_thread_blocked, id=10580, stack(0x0000000019420000,0x0000000019520000)]
  0x0000000017be0800 JavaThread "C2 CompilerThread1" daemon [_thread_blocked, id=7364, stack(0x0000000019320000,0x0000000019420000)]
=>0x00000000164e8000 JavaThread "C2 CompilerThread0" daemon [_thread_in_native, id=19816, stack(0x0000000019220000,0x0000000019320000)]
  0x0000000017bdf000 JavaThread "Attach Listener" daemon [_thread_blocked, id=12384, stack(0x0000000019120000,0x0000000019220000)]
  0x0000000017bde000 JavaThread "Signal Dispatcher" daemon [_thread_blocked, id=12780, stack(0x0000000019020000,0x0000000019120000)]
  0x0000000002519000 JavaThread "Finalizer" daemon [_thread_blocked, id=9228, stack(0x0000000018e20000,0x0000000018f20000)]
  0x0000000017bc3000 JavaThread "Reference Handler" daemon [_thread_blocked, id=16728, stack(0x0000000018d20000,0x0000000018e20000)]
  0x000000000241d800 JavaThread "main" [_thread_blocked, id=9608, stack(0x0000000002310000,0x0000000002410000)]

Other Threads:
  0x0000000017ba2800 VMThread [stack: 0x0000000018c20000,0x0000000018d20000] [id=5628]
  0x0000000017c63800 WatcherThread [stack: 0x0000000019720000,0x0000000019820000] [id=19532]

VM state:not at safepoint (normal execution)

VM Mutex/Monitor currently owned by a thread: None

heap address: 0x00000000a0000000, size: 1536 MB, Compressed Oops mode: 32-bit
Narrow klass base: 0x0000000000000000, Narrow klass shift: 3
Compressed class space size: 1073741824 Address: 0x0000000100000000

Heap:
 PSYoungGen      total 37888K, used 37235K [0x00000000e0000000, 0x00000000e2a00000, 0x0000000100000000)
  eden space 32768K, 98% used [0x00000000e0000000,0x00000000e1f5ceb0,0x00000000e2000000)
  from space 5120K, 100% used [0x00000000e2000000,0x00000000e2500000,0x00000000e2500000)
  to   space 5120K, 0% used [0x00000000e2500000,0x00000000e2500000,0x00000000e2a00000)
 ParOldGen       total 86016K, used 1182K [0x00000000a0000000, 0x00000000a5400000, 0x00000000e0000000)
  object space 86016K, 1% used [0x00000000a0000000,0x00000000a0127b68,0x00000000a5400000)
 Metaspace       used 15218K, capacity 15652K, committed 15872K, reserved 1062912K
  class space    used 2032K, capacity 2186K, committed 2304K, reserved 1048576K

Card table byte_map: [0x00000000118e0000,0x0000000011bf0000] byte_map_base: 0x00000000113e0000

Marking Bits: (ParMarkBitMap*) 0x000000006cddf030
 Begin Bits: [0x00000000127f0000, 0x0000000013ff0000)
 End Bits:   [0x0000000013ff0000, 0x00000000157f0000)

Polling page: 0x00000000004e0000

CodeCache: size=245760Kb used=5259Kb max_used=5263Kb free=240501Kb
 bounds [0x0000000002520000, 0x0000000002a50000, 0x0000000011520000]
 total_blobs=1879 nmethods=1489 adapters=303
 compilation: enabled

Compilation events (10 events):
Event: 1.806 Thread 0x0000000017be8800 1487       3       java.util.concurrent.locks.AbstractOwnableSynchronizer::setExclusiveOwnerThread (6 bytes)
Event: 1.806 Thread 0x0000000017be8800 nmethod 1487 0x0000000002a42cd0 code [0x0000000002a42e20, 0x0000000002a42f90]
Event: 1.812 Thread 0x00000000164e8000 1488       4       java.net.URLClassLoader$1::run (5 bytes)
Event: 1.816 Thread 0x0000000017be7800 nmethod 1486 0x0000000002a46090 code [0x0000000002a46220, 0x0000000002a46678]
Event: 1.820 Thread 0x0000000017be8800 1489       3       java.util.regex.Pattern$Curly::match0 (174 bytes)
Event: 1.821 Thread 0x0000000017be8800 nmethod 1489 0x0000000002a45110 code [0x0000000002a45300, 0x0000000002a45d38]
Event: 1.828 Thread 0x0000000017be8800 1490       3       java.lang.reflect.Constructor::setConstructorAccessor (21 bytes)
Event: 1.828 Thread 0x0000000017be8800 nmethod 1490 0x0000000002a44ad0 code [0x0000000002a44c40, 0x0000000002a44fe8]
Event: 1.832 Thread 0x0000000017be8800 1491       3       java.util.AbstractQueue::<init> (5 bytes)
Event: 1.832 Thread 0x0000000017be8800 nmethod 1491 0x0000000002a44690 code [0x0000000002a44800, 0x0000000002a44a10]

GC Heap History (6 events):
Event: 0.530 GC heap before
{Heap before GC invocations=1 (full 0):
 PSYoungGen      total 37888K, used 32768K [0x00000000e0000000, 0x00000000e2a00000, 0x0000000100000000)
  eden space 32768K, 100% used [0x00000000e0000000,0x00000000e2000000,0x00000000e2000000)
  from space 5120K, 0% used [0x00000000e2500000,0x00000000e2500000,0x00000000e2a00000)
  to   space 5120K, 0% used [0x00000000e2000000,0x00000000e2000000,0x00000000e2500000)
 ParOldGen       total 86016K, used 0K [0x00000000a0000000, 0x00000000a5400000, 0x00000000e0000000)
  object space 86016K, 0% used [0x00000000a0000000,0x00000000a0000000,0x00000000a5400000)
 Metaspace       used 7178K, capacity 7368K, committed 7424K, reserved 1056768K
  class space    used 883K, capacity 968K, committed 1024K, reserved 1048576K
Event: 0.533 GC heap after
Heap after GC invocations=1 (full 0):
 PSYoungGen      total 37888K, used 4335K [0x00000000e0000000, 0x00000000e2a00000, 0x0000000100000000)
  eden space 32768K, 0% used [0x00000000e0000000,0x00000000e0000000,0x00000000e2000000)
  from space 5120K, 84% used [0x00000000e2000000,0x00000000e243bfe8,0x00000000e2500000)
  to   space 5120K, 0% used [0x00000000e2500000,0x00000000e2500000,0x00000000e2a00000)
 ParOldGen       total 86016K, used 16K [0x00000000a0000000, 0x00000000a5400000, 0x00000000e0000000)
  object space 86016K, 0% used [0x00000000a0000000,0x00000000a0004000,0x00000000a5400000)
 Metaspace       used 7178K, capacity 7368K, committed 7424K, reserved 1056768K
  class space    used 883K, capacity 968K, committed 1024K, reserved 1048576K
}
Event: 0.735 GC heap before
{Heap before GC invocations=2 (full 0):
 PSYoungGen      total 37888K, used 37103K [0x00000000e0000000, 0x00000000e2a00000, 0x0000000100000000)
  eden space 32768K, 100% used [0x00000000e0000000,0x00000000e2000000,0x00000000e2000000)
  from space 5120K, 84% used [0x00000000e2000000,0x00000000e243bfe8,0x00000000e2500000)
  to   space 5120K, 0% used [0x00000000e2500000,0x00000000e2500000,0x00000000e2a00000)
 ParOldGen       total 86016K, used 16K [0x00000000a0000000, 0x00000000a5400000, 0x00000000e0000000)
  object space 86016K, 0% used [0x00000000a0000000,0x00000000a0004000,0x00000000a5400000)
 Metaspace       used 7425K, capacity 7680K, committed 7936K, reserved 1056768K
  class space    used 911K, capacity 1008K, committed 1024K, reserved 1048576K
Event: 0.738 GC heap after
Heap after GC invocations=2 (full 0):
 PSYoungGen      total 37888K, used 3293K [0x00000000e0000000, 0x00000000e2a00000, 0x0000000100000000)
  eden space 32768K, 0% used [0x00000000e0000000,0x00000000e0000000,0x00000000e2000000)
  from space 5120K, 64% used [0x00000000e2500000,0x00000000e2837780,0x00000000e2a00000)
  to   space 5120K, 0% used [0x00000000e2000000,0x00000000e2000000,0x00000000e2500000)
 ParOldGen       total 86016K, used 24K [0x00000000a0000000, 0x00000000a5400000, 0x00000000e0000000)
  object space 86016K, 0% used [0x00000000a0000000,0x00000000a0006000,0x00000000a5400000)
 Metaspace       used 7425K, capacity 7680K, committed 7936K, reserved 1056768K
  class space    used 911K, capacity 1008K, committed 1024K, reserved 1048576K
}
Event: 1.645 GC heap before
{Heap before GC invocations=3 (full 0):
 PSYoungGen      total 37888K, used 36061K [0x00000000e0000000, 0x00000000e2a00000, 0x0000000100000000)
  eden space 32768K, 100% used [0x00000000e0000000,0x00000000e2000000,0x00000000e2000000)
  from space 5120K, 64% used [0x00000000e2500000,0x00000000e2837780,0x00000000e2a00000)
  to   space 5120K, 0% used [0x00000000e2000000,0x00000000e2000000,0x00000000e2500000)
 ParOldGen       total 86016K, used 24K [0x00000000a0000000, 0x00000000a5400000, 0x00000000e0000000)
  object space 86016K, 0% used [0x00000000a0000000,0x00000000a0006000,0x00000000a5400000)
 Metaspace       used 12096K, capacity 12412K, committed 12544K, reserved 1060864K
  class space    used 1608K, capacity 1730K, committed 1792K, reserved 1048576K
Event: 1.648 GC heap after
Heap after GC invocations=3 (full 0):
 PSYoungGen      total 37888K, used 5120K [0x00000000e0000000, 0x00000000e2a00000, 0x0000000100000000)
  eden space 32768K, 0% used [0x00000000e0000000,0x00000000e0000000,0x00000000e2000000)
  from space 5120K, 100% used [0x00000000e2000000,0x00000000e2500000,0x00000000e2500000)
  to   space 5120K, 0% used [0x00000000e2500000,0x00000000e2500000,0x00000000e2a00000)
 ParOldGen       total 86016K, used 1182K [0x00000000a0000000, 0x00000000a5400000, 0x00000000e0000000)
  object space 86016K, 1% used [0x00000000a0000000,0x00000000a0127b68,0x00000000a5400000)
 Metaspace       used 12096K, capacity 12412K, committed 12544K, reserved 1060864K
  class space    used 1608K, capacity 1730K, committed 1792K, reserved 1048576K
}

Deoptimization events (10 events):
Event: 1.188 Thread 0x000000000241d800 Uncommon trap: reason=unstable_if action=reinterpret pc=0x0000000002838c30 method=java.io.WinNTFileSystem.normalize(Ljava/lang/String;)Ljava/lang/String; @ 128
Event: 1.608 Thread 0x000000001b4c4000 Uncommon trap: reason=unstable_if action=reinterpret pc=0x00000000029259a8 method=java.util.concurrent.ConcurrentHashMap.putVal(Ljava/lang/Object;Ljava/lang/Object;Z)Ljava/lang/Object; @ 206
Event: 1.618 Thread 0x000000001b4c4000 Uncommon trap: reason=unstable_if action=reinterpret pc=0x00000000028427d4 method=java.lang.String.substring(I)Ljava/lang/String; @ 35
Event: 1.641 Thread 0x000000001b4b3800 Uncommon trap: reason=bimorphic action=maybe_recompile pc=0x00000000027e4a00 method=java.util.HashMap.putVal(ILjava/lang/Object;Ljava/lang/Object;ZZ)Ljava/lang/Object; @ 253
Event: 1.641 Thread 0x000000001b4b3800 Uncommon trap: reason=bimorphic action=maybe_recompile pc=0x00000000027e4a00 method=java.util.HashMap.putVal(ILjava/lang/Object;Ljava/lang/Object;ZZ)Ljava/lang/Object; @ 253
Event: 1.641 Thread 0x000000001b4b3800 Uncommon trap: reason=bimorphic action=maybe_recompile pc=0x00000000027e4a00 method=java.util.HashMap.putVal(ILjava/lang/Object;Ljava/lang/Object;ZZ)Ljava/lang/Object; @ 253
Event: 1.758 Thread 0x000000001b4b3800 Uncommon trap: reason=class_check action=maybe_recompile pc=0x0000000002847758 method=java.util.regex.Matcher.match(II)Z @ 86
Event: 1.759 Thread 0x000000001b4b3800 Uncommon trap: reason=class_check action=maybe_recompile pc=0x0000000002847758 method=java.util.regex.Matcher.match(II)Z @ 86
Event: 1.759 Thread 0x000000001b4b3800 Uncommon trap: reason=class_check action=maybe_recompile pc=0x0000000002847758 method=java.util.regex.Matcher.match(II)Z @ 86
Event: 1.759 Thread 0x000000001b4b3800 Uncommon trap: reason=class_check action=maybe_recompile pc=0x00000000026d3a9c method=java.util.regex.Matcher.match(II)Z @ 86

Classes redefined (0 events):
No events

Internal exceptions (10 events):
Event: 1.611 Thread 0x000000001b4c4000 Exception <a 'java/lang/NoSuchMethodError': <clinit>> (0x00000000e1d25bd8) thrown at [C:\src\AOSP-openjdk-git\hotspot\src\share\vm\prims\jni.cpp, line 1615]
Event: 1.613 Thread 0x000000001b4c4000 Exception <a 'java/lang/NoSuchMethodError': <clinit>> (0x00000000e1d38658) thrown at [C:\src\AOSP-openjdk-git\hotspot\src\share\vm\prims\jni.cpp, line 1615]
Event: 1.614 Thread 0x000000001b4c4000 Exception <a 'java/lang/NoSuchMethodError': <clinit>> (0x00000000e1d5f358) thrown at [C:\src\AOSP-openjdk-git\hotspot\src\share\vm\prims\jni.cpp, line 1615]
Event: 1.615 Thread 0x000000001b4c4000 Exception <a 'java/lang/NoSuchMethodError': <clinit>> (0x00000000e1d76f98) thrown at [C:\src\AOSP-openjdk-git\hotspot\src\share\vm\prims\jni.cpp, line 1615]
Event: 1.616 Thread 0x000000001b4c4000 Exception <a 'java/lang/NoSuchMethodError': <clinit>> (0x00000000e1d7fb38) thrown at [C:\src\AOSP-openjdk-git\hotspot\src\share\vm\prims\jni.cpp, line 1615]
Event: 1.617 Thread 0x000000001b4c4000 Exception <a 'java/lang/NoSuchMethodError': <clinit>> (0x00000000e1d95f10) thrown at [C:\src\AOSP-openjdk-git\hotspot\src\share\vm\prims\jni.cpp, line 1615]
Event: 1.622 Thread 0x000000001b4c4000 Exception <a 'java/lang/NoSuchMethodError': <clinit>> (0x00000000e1df0088) thrown at [C:\src\AOSP-openjdk-git\hotspot\src\share\vm\prims\jni.cpp, line 1615]
Event: 1.624 Thread 0x000000001b4c4000 Exception <a 'java/lang/NoSuchMethodError': <clinit>> (0x00000000e1e1c918) thrown at [C:\src\AOSP-openjdk-git\hotspot\src\share\vm\prims\jni.cpp, line 1615]
Event: 1.626 Thread 0x000000001b4c4000 Exception <a 'java/lang/NoSuchMethodError': <clinit>> (0x00000000e1e49a58) thrown at [C:\src\AOSP-openjdk-git\hotspot\src\share\vm\prims\jni.cpp, line 1615]
Event: 1.626 Thread 0x000000001b4c4000 Exception <a 'java/lang/NoSuchMethodError': <clinit>> (0x00000000e1e54ae0) thrown at [C:\src\AOSP-openjdk-git\hotspot\src\share\vm\prims\jni.cpp, line 1615]

Events (10 events):
Event: 1.856 loading class org/gradle/configuration/project/ProjectEvaluator
Event: 1.856 loading class org/gradle/configuration/project/ProjectEvaluator done
Event: 1.856 loading class org/gradle/api/internal/project/IsolatedAntBuilder
Event: 1.856 loading class org/gradle/api/internal/project/IsolatedAntBuilder done
Event: 1.857 loading class org/gradle/configuration/InitScriptProcessor
Event: 1.857 loading class org/gradle/configuration/InitScriptProcessor done
Event: 1.857 loading class org/gradle/initialization/SettingsProcessor
Event: 1.857 loading class org/gradle/initialization/SettingsProcessor done
Event: 1.857 loading class org/gradle/internal/actor/ActorFactory
Event: 1.857 loading class org/gradle/internal/actor/ActorFactory done


Dynamic libraries:
0x00007ff679310000 - 0x00007ff679341000 	D:\Android Studio\jre\bin\java.exe
0x00007fff46420000 - 0x00007fff46610000 	C:\WINDOWS\SYSTEM32\ntdll.dll
0x00007fff44ca0000 - 0x00007fff44d52000 	C:\WINDOWS\System32\KERNEL32.DLL
0x00007fff435e0000 - 0x00007fff43884000 	C:\WINDOWS\System32\KERNELBASE.dll
0x00007fff45000000 - 0x00007fff450a3000 	C:\WINDOWS\System32\ADVAPI32.dll
0x00007fff44b80000 - 0x00007fff44c1e000 	C:\WINDOWS\System32\msvcrt.dll
0x00007fff46340000 - 0x00007fff463d7000 	C:\WINDOWS\System32\sechost.dll
0x00007fff44610000 - 0x00007fff44730000 	C:\WINDOWS\System32\RPCRT4.dll
0x00007fff44730000 - 0x00007fff448c4000 	C:\WINDOWS\System32\USER32.dll
0x00007fff44480000 - 0x00007fff444a1000 	C:\WINDOWS\System32\win32u.dll
0x00007fff448d0000 - 0x00007fff448f6000 	C:\WINDOWS\System32\GDI32.dll
0x00007fff442e0000 - 0x00007fff44474000 	C:\WINDOWS\System32\gdi32full.dll
0x00007fff43910000 - 0x00007fff439ae000 	C:\WINDOWS\System32\msvcp_win.dll
0x00007fff434e0000 - 0x00007fff435da000 	C:\WINDOWS\System32\ucrtbase.dll
0x00007fff427f0000 - 0x00007fff42a74000 	C:\WINDOWS\WinSxS\amd64_microsoft.windows.common-controls_6595b64144ccf1df_6.0.18362.836_none_e6c4b943130f18ed\COMCTL32.dll
0x00007fff45590000 - 0x00007fff458c6000 	C:\WINDOWS\System32\combase.dll
0x00007fff43890000 - 0x00007fff43910000 	C:\WINDOWS\System32\bcryptPrimitives.dll
0x00007fff44f10000 - 0x00007fff44f3e000 	C:\WINDOWS\System32\IMM32.DLL
0x000000006bdb0000 - 0x000000006be82000 	D:\Android Studio\jre\jre\bin\msvcr100.dll
0x000000006c610000 - 0x000000006ce5b000 	D:\Android Studio\jre\jre\bin\server\jvm.dll
0x00007fff45b00000 - 0x00007fff45b08000 	C:\WINDOWS\System32\PSAPI.DLL
0x00007fff2d3a0000 - 0x00007fff2d3a9000 	C:\WINDOWS\SYSTEM32\WSOCK32.dll
0x00007fff40b90000 - 0x00007fff40bb4000 	C:\WINDOWS\SYSTEM32\WINMM.dll
0x00007fff35d40000 - 0x00007fff35d4a000 	C:\WINDOWS\SYSTEM32\VERSION.dll
0x00007fff450b0000 - 0x00007fff4511f000 	C:\WINDOWS\System32\WS2_32.dll
0x00007fff40a30000 - 0x00007fff40a5d000 	C:\WINDOWS\SYSTEM32\WINMMBASE.dll
0x00007fff43460000 - 0x00007fff434aa000 	C:\WINDOWS\System32\cfgmgr32.dll
0x00007fff3c120000 - 0x00007fff3c12f000 	D:\Android Studio\jre\jre\bin\verify.dll
0x00007fff35880000 - 0x00007fff358a9000 	D:\Android Studio\jre\jre\bin\java.dll
0x00007fff3c100000 - 0x00007fff3c116000 	D:\Android Studio\jre\jre\bin\zip.dll
0x00007fff45c50000 - 0x00007fff46334000 	C:\WINDOWS\System32\SHELL32.dll
0x00007fff44900000 - 0x00007fff449a9000 	C:\WINDOWS\System32\shcore.dll
0x00007fff439b0000 - 0x00007fff4412e000 	C:\WINDOWS\System32\windows.storage.dll
0x00007fff43380000 - 0x00007fff433a3000 	C:\WINDOWS\System32\profapi.dll
0x00007fff432f0000 - 0x00007fff4333a000 	C:\WINDOWS\System32\powrprof.dll
0x00007fff432e0000 - 0x00007fff432f0000 	C:\WINDOWS\System32\UMPDC.dll
0x00007fff44d60000 - 0x00007fff44db2000 	C:\WINDOWS\System32\shlwapi.dll
0x00007fff43360000 - 0x00007fff43371000 	C:\WINDOWS\System32\kernel.appcore.dll
0x00007fff444b0000 - 0x00007fff444c7000 	C:\WINDOWS\System32\cryptsp.dll
0x00007fff35910000 - 0x00007fff3592a000 	D:\Android Studio\jre\jre\bin\net.dll
0x00007fff424d0000 - 0x00007fff42537000 	C:\WINDOWS\system32\mswsock.dll
0x00007fff35860000 - 0x00007fff35873000 	D:\Android Studio\jre\jre\bin\nio.dll
0x00007fff27ad0000 - 0x00007fff27af6000 	C:\Users\HP\.gradle\native\31\windows-amd64\native-platform.dll
0x00007fff35850000 - 0x00007fff3585d000 	D:\Android Studio\jre\jre\bin\management.dll
0x00007fff42040000 - 0x00007fff42073000 	C:\WINDOWS\system32\rsaenh.dll
0x00007fff434b0000 - 0x00007fff434d6000 	C:\WINDOWS\System32\bcrypt.dll
0x00007fff43200000 - 0x00007fff43225000 	C:\WINDOWS\SYSTEM32\USERENV.dll
0x00007fff426a0000 - 0x00007fff426ac000 	C:\WINDOWS\SYSTEM32\CRYPTBASE.dll
0x00007fff421e0000 - 0x00007fff4221a000 	C:\WINDOWS\SYSTEM32\IPHLPAPI.DLL
0x00007fff44f40000 - 0x00007fff44f48000 	C:\WINDOWS\System32\NSI.dll
0x00007fff3af70000 - 0x00007fff3af86000 	C:\WINDOWS\SYSTEM32\dhcpcsvc6.DLL
0x00007fff3a6e0000 - 0x00007fff3a6fc000 	C:\WINDOWS\SYSTEM32\dhcpcsvc.DLL
0x00007fff42220000 - 0x00007fff422eb000 	C:\WINDOWS\SYSTEM32\DNSAPI.dll

VM Arguments:
jvm_args: -Xmx1536m -Dfile.encoding=windows-1252 -Duser.country=US -Duser.language=en -Duser.variant 
java_command: org.gradle.launcher.daemon.bootstrap.GradleDaemon 6.1.1
java_class_path (initial): C:\Users\HP\.gradle\wrapper\dists\gradle-6.1.1-all\cfmwm155h49vnt3hynmlrsdst\gradle-6.1.1\lib\gradle-launcher-6.1.1.jar
Launcher Type: SUN_STANDARD

Environment Variables:
PATH=C:\Program Files (x86)\Intel\Intel(R) Management Engine Components\iCLS\;C:\Program Files\Intel\Intel(R) Management Engine Components\iCLS\;C:\Windows\system32;C:\Windows;C:\Windows\System32\Wbem;C:\Windows\System32\WindowsPowerShell\v1.0\;C:\Windows\System32\OpenSSH\;C:\Program Files (x86)\NVIDIA Corporation\PhysX\Common;C:\Program Files (x86)\Intel\Intel(R) Management Engine Components\DAL;C:\Program Files\Intel\Intel(R) Management Engine Components\DAL;C:\Program Files (x86)\Intel\Intel(R) Management Engine Components\IPT;C:\Program Files\Intel\Intel(R) Management Engine Components\IPT;C:\Program Files\Intel\WiFi\bin\;C:\Program Files\Common Files\Intel\WirelessCommon\;C:\WINDOWS\system32;C:\WINDOWS;C:\WINDOWS\System32\Wbem;C:\WINDOWS\System32\WindowsPowerShell\v1.0\;C:\WINDOWS\System32\OpenSSH\;C:\Program Files\Git\cmd;C:\Users\HP\AppData\Local\Microsoft\WindowsApps;C:\Users\HP\AppData\Local\Programs\Microsoft VS Code\bin;C:\Program Files\Java\jdk-14.0.1\bin;
USERNAME=HP
OS=Windows_NT
PROCESSOR_IDENTIFIER=Intel64 Family 6 Model 158 Stepping 10, GenuineIntel



---------------  S Y S T E M  ---------------

OS: Windows 10.0 , 64 bit Build 18362 (10.0.18362.778)

CPU:total 12 (initial active 12) (6 cores per cpu, 2 threads per core) family 6 model 158 stepping 10, cmov, cx8, fxsr, mmx, sse, sse2, sse3, ssse3, sse4.1, sse4.2, popcnt, avx, avx2, aes, clmul, erms, 3dnowpref, lzcnt, ht, tsc, tscinvbit, bmi1, bmi2, adx

Memory: 4k page, physical 8235804k(967928k free), swap 23727172k(3676k free)

vm_info: OpenJDK 64-Bit Server VM (25.242-b01) for windows-amd64 JRE (1.8.0_242-release-1644-b01), built by "builder" with MS VC++ 10.0 (VS2010)

time: Fri Jun 12 13:15:36 2020
timezone: SE Asia Standard Time
elapsed time: 1 seconds (0d 0h 0m 1s)

